0 info it worked if it ends with ok
1 verbose cli [ '/usr/local/bin/node', '/usr/local/bin/npm', 'run', 'dev' ]
2 info using npm@3.10.3
3 info using node@v4.2.4
4 verbose run-script [ 'predev', 'dev', 'postdev' ]
5 info lifecycle hex-dots@1.0.0~predev: hex-dots@1.0.0
6 silly lifecycle hex-dots@1.0.0~predev: no script for predev, continuing
7 info lifecycle hex-dots@1.0.0~dev: hex-dots@1.0.0
8 verbose lifecycle hex-dots@1.0.0~dev: unsafe-perm in lifecycle true
9 verbose lifecycle hex-dots@1.0.0~dev: PATH: /usr/local/lib/node_modules/npm/bin/node-gyp-bin:/Users/jon.lynch/Dropbox/code/hex-dots/node_modules/.bin:/usr/local/bin:/usr/local/bin:/Users/jon.lynch/git/cms-tools/localserver-scripts:/Users/jon.lynch/git/build/bin:/opt/grails-2.0.3/bin:/usr/local/bin:/usr/local/sbin:/usr/bin:/bin:/usr/sbin:/sbin
10 verbose lifecycle hex-dots@1.0.0~dev: CWD: /Users/jon.lynch/Dropbox/code/hex-dots
11 silly lifecycle hex-dots@1.0.0~dev: Args: [ '-c', 'webpack -d --watch' ]
12 silly lifecycle hex-dots@1.0.0~dev: Returned: code: 1  signal: null
13 info lifecycle hex-dots@1.0.0~dev: Failed to exec dev script
14 verbose stack Error: hex-dots@1.0.0 dev: `webpack -d --watch`
14 verbose stack Exit status 1
14 verbose stack     at EventEmitter.<anonymous> (/usr/local/lib/node_modules/npm/lib/utils/lifecycle.js:242:16)
14 verbose stack     at emitTwo (events.js:87:13)
14 verbose stack     at EventEmitter.emit (events.js:172:7)
14 verbose stack     at ChildProcess.<anonymous> (/usr/local/lib/node_modules/npm/lib/utils/spawn.js:40:14)
14 verbose stack     at emitTwo (events.js:87:13)
14 verbose stack     at ChildProcess.emit (events.js:172:7)
14 verbose stack     at maybeClose (internal/child_process.js:818:16)
14 verbose stack     at Process.ChildProcess._handle.onexit (internal/child_process.js:211:5)
15 verbose pkgid hex-dots@1.0.0
16 verbose cwd /Users/jon.lynch/Dropbox/code/hex-dots
17 error Darwin 15.5.0
18 error argv "/usr/local/bin/node" "/usr/local/bin/npm" "run" "dev"
19 error node v4.2.4
20 error npm  v3.10.3
21 error code ELIFECYCLE
22 error hex-dots@1.0.0 dev: `webpack -d --watch`
22 error Exit status 1
23 error Failed at the hex-dots@1.0.0 dev script 'webpack -d --watch'.
23 error Make sure you have the latest version of node.js and npm installed.
23 error If you do, this is most likely a problem with the hex-dots package,
23 error not with npm itself.
23 error Tell the author that this fails on your system:
23 error     webpack -d --watch
23 error You can get information on how to open an issue for this project with:
23 error     npm bugs hex-dots
23 error Or if that isn't available, you can get their info via:
23 error     npm owner ls hex-dots
23 error There is likely additional logging output above.
24 verbose exit [ 1, true ]
